<?xml version="1.0" encoding="UTF-8"?>
<!-- Generated by org.testng.reporters.JUnitReportReporter -->
<testsuite hostname="kaushik" failures="0" tests="1" name="mavenforjenkins.UITest" time="10.947" errors="0" timestamp="2023-02-02T19:33:08 IST" skipped="0">
  <testcase classname="mavenforjenkins.UITest" name="startBrowser" time="10.947"/>
  <system-out/>
</testsuite> <!-- mavenforjenkins.UITest -->
